--------------------------------------------------------------------------------
Release 14.7 Trace  (nt)
Copyright (c) 1995-2013 Xilinx, Inc.  All rights reserved.

F:\xilinx\14.7\ISE_DS\ISE\bin\nt\unwrapped\trce.exe -intstyle ise -v 3 -s 4 -n
3 -fastpaths -xml szamologep.twx szamologep.ncd -o szamologep.twr
szamologep.pcf -ucf szgep.ucf

Design file:              szamologep.ncd
Physical constraint file: szamologep.pcf
Device,package,speed:     xc3s250e,tq144,-4 (PRODUCTION 1.27 2013-10-13)
Report level:             verbose report

Environment Variable      Effect 
--------------------      ------ 
NONE                      No environment variables were set
--------------------------------------------------------------------------------

INFO:Timing:2698 - No timing constraints found, doing default enumeration.
INFO:Timing:3412 - To improve timing, see the Timing Closure User Guide (UG612).
INFO:Timing:2752 - To get complete path coverage, use the unconstrained paths 
   option. All paths that are not constrained will be reported in the 
   unconstrained paths section(s) of the report.
INFO:Timing:3339 - The clock-to-out numbers in this timing report are based on 
   a 50 Ohm transmission line loading model.  For the details of this model, 
   and for more information on accounting for different loading conditions, 
   please see the device datasheet.
INFO:Timing:3390 - This architecture does not support a default System Jitter 
   value, please add SYSTEM_JITTER constraint to the UCF to modify the Clock 
   Uncertainty calculation.
INFO:Timing:3389 - This architecture does not support 'Discrete Jitter' and 
   'Phase Error' calculations, these terms will be zero in the Clock 
   Uncertainty calculation.  Please make appropriate modification to 
   SYSTEM_JITTER to account for the unsupported Discrete Jitter and Phase 
   Error.



Data Sheet report:
-----------------
All values displayed in nanoseconds (ns)

Setup/Hold to clock clk
------------+------------+------------+------------------+--------+
            |Max Setup to|Max Hold to |                  | Clock  |
Source      | clk (edge) | clk (edge) |Internal Clock(s) | Phase  |
------------+------------+------------+------------------+--------+
btn<0>      |    1.388(R)|    0.078(R)|clk_BUFGP         |   0.000|
btn<1>      |    1.638(R)|   -0.122(R)|clk_BUFGP         |   0.000|
btn<2>      |    0.572(R)|    0.731(R)|clk_BUFGP         |   0.000|
btn<3>      |    1.096(R)|    0.312(R)|clk_BUFGP         |   0.000|
dip_sw<0>   |    2.892(R)|   -0.403(R)|clk_BUFGP         |   0.000|
dip_sw<1>   |    2.756(R)|   -0.025(R)|clk_BUFGP         |   0.000|
dip_sw<2>   |    2.274(R)|    0.076(R)|clk_BUFGP         |   0.000|
dip_sw<3>   |    1.110(R)|    0.524(R)|clk_BUFGP         |   0.000|
dip_sw<4>   |    2.819(R)|   -0.245(R)|clk_BUFGP         |   0.000|
dip_sw<5>   |    2.138(R)|   -0.150(R)|clk_BUFGP         |   0.000|
dip_sw<6>   |    1.232(R)|    0.672(R)|clk_BUFGP         |   0.000|
dip_sw<7>   |    0.966(R)|    0.716(R)|clk_BUFGP         |   0.000|
rst         |    1.003(R)|    0.388(R)|clk_BUFGP         |   0.000|
------------+------------+------------+------------------+--------+

Clock clk to Pad
------------+------------+------------------+--------+
            | clk (edge) |                  | Clock  |
Destination |   to PAD   |Internal Clock(s) | Phase  |
------------+------------+------------------+--------+
SEG<1>      |   10.119(R)|clk_BUFGP         |   0.000|
SEG<2>      |   10.650(R)|clk_BUFGP         |   0.000|
SEG<3>      |   10.341(R)|clk_BUFGP         |   0.000|
SEG<4>      |   10.275(R)|clk_BUFGP         |   0.000|
SEG<5>      |    9.107(R)|clk_BUFGP         |   0.000|
SEG<6>      |   10.016(R)|clk_BUFGP         |   0.000|
SEG<7>      |   10.092(R)|clk_BUFGP         |   0.000|
leds<0>     |   13.242(R)|clk_BUFGP         |   0.000|
leds<1>     |   13.232(R)|clk_BUFGP         |   0.000|
leds<2>     |   13.672(R)|clk_BUFGP         |   0.000|
leds<3>     |   13.756(R)|clk_BUFGP         |   0.000|
leds<4>     |   14.595(R)|clk_BUFGP         |   0.000|
leds<5>     |   13.544(R)|clk_BUFGP         |   0.000|
leds<6>     |   13.754(R)|clk_BUFGP         |   0.000|
leds<7>     |   15.528(R)|clk_BUFGP         |   0.000|
------------+------------+------------------+--------+

Clock to Setup on destination clock clk
---------------+---------+---------+---------+---------+
               | Src:Rise| Src:Fall| Src:Rise| Src:Fall|
Source Clock   |Dest:Rise|Dest:Rise|Dest:Fall|Dest:Fall|
---------------+---------+---------+---------+---------+
clk            |    8.204|         |         |         |
---------------+---------+---------+---------+---------+


Analysis completed Wed Feb 21 22:22:54 2018 
--------------------------------------------------------------------------------

Trace Settings:
-------------------------
Trace Settings 

Peak Memory Usage: 169 MB



